c:\sektor7\bleeding_bear_campaign\stage1\stage1\x64\release\vc142.pdb
c:\sektor7\bleeding_bear_campaign\stage1\stage1\x64\release\webutilities.obj
c:\sektor7\bleeding_bear_campaign\stage1\stage1\x64\release\utilities.obj
c:\sektor7\bleeding_bear_campaign\stage1\stage1\x64\release\unhooking.obj
c:\sektor7\bleeding_bear_campaign\stage1\stage1\x64\release\stringobfuscator.obj
c:\sektor7\bleeding_bear_campaign\stage1\stage1\x64\release\reflectiveloader.obj
c:\sektor7\bleeding_bear_campaign\stage1\stage1\x64\release\modulestomp.obj
c:\sektor7\bleeding_bear_campaign\stage1\stage1\x64\release\main.obj
c:\sektor7\bleeding_bear_campaign\stage1\stage1\x64\release\evtvieweruacbypass.obj
c:\sektor7\bleeding_bear_campaign\stage1\stage1\x64\release\evasion.obj
c:\sektor7\bleeding_bear_campaign\stage1\stage1\x64\release\dynamicfunctionresolvers.obj
c:\sektor7\bleeding_bear_campaign\stage1\stage1\x64\release\dllparsing.obj
c:\sektor7\bleeding_bear_campaign\stage1\x64\release\stage2.exe
c:\sektor7\bleeding_bear_campaign\stage1\stage1\x64\release\stage2.ipdb
c:\sektor7\bleeding_bear_campaign\stage1\stage1\x64\release\stage2.iobj
c:\sektor7\bleeding_bear_campaign\stage1\stage1\x64\release\hellsgate.obj
c:\sektor7\bleeding_bear_campaign\stage1\stage1\x64\release\stage2.tlog\cl.command.1.tlog
c:\sektor7\bleeding_bear_campaign\stage1\stage1\x64\release\stage2.tlog\cl.read.1.tlog
c:\sektor7\bleeding_bear_campaign\stage1\stage1\x64\release\stage2.tlog\cl.write.1.tlog
c:\sektor7\bleeding_bear_campaign\stage1\stage1\x64\release\stage2.tlog\link.command.1.tlog
c:\sektor7\bleeding_bear_campaign\stage1\stage1\x64\release\stage2.tlog\link.read.1.tlog
c:\sektor7\bleeding_bear_campaign\stage1\stage1\x64\release\stage2.tlog\link.write.1.tlog
c:\sektor7\bleeding_bear_campaign\stage1\stage1\x64\release\stage2.tlog\masm.read.1u.tlog
c:\sektor7\bleeding_bear_campaign\stage1\stage1\x64\release\stage2.tlog\masm.write.1u.tlog
