C:\Program Files (x86)\Microsoft Visual Studio\2019\Community\MSBuild\Microsoft\VC\v160\Microsoft.CppBuild.targets(513,5): warning MSB8028: The intermediate directory (x64\Release\) contains files shared from another project (stage1.vcxproj).  This can lead to incorrect clean and rebuild behavior.
  WebUtilities.c
C:\sektor7\bleeding_bear_campaign\stage1\stage1\definitions.h(40,1): warning C4005: 'PAGE_EXECUTE': macro redefinition
C:\Program Files (x86)\Windows Kits\10\Include\10.0.19041.0\um\winnt.h(12998): message : see previous definition of 'PAGE_EXECUTE'
C:\sektor7\bleeding_bear_campaign\stage1\stage1\definitions.h(41,1): warning C4005: 'PAGE_EXECUTE_READ': macro redefinition
C:\Program Files (x86)\Windows Kits\10\Include\10.0.19041.0\um\winnt.h(12999): message : see previous definition of 'PAGE_EXECUTE_READ'
C:\sektor7\bleeding_bear_campaign\stage1\stage1\definitions.h(42,1): warning C4005: 'PAGE_EXECUTE_READWRITE': macro redefinition
C:\Program Files (x86)\Windows Kits\10\Include\10.0.19041.0\um\winnt.h(13000): message : see previous definition of 'PAGE_EXECUTE_READWRITE'
C:\sektor7\bleeding_bear_campaign\stage1\stage1\definitions.h(43,1): warning C4005: 'PAGE_EXECUTE_WRITECOPY': macro redefinition
C:\Program Files (x86)\Windows Kits\10\Include\10.0.19041.0\um\winnt.h(13001): message : see previous definition of 'PAGE_EXECUTE_WRITECOPY'
C:\sektor7\bleeding_bear_campaign\stage1\stage1\definitions.h(44,1): warning C4005: 'PAGE_NOACCESS': macro redefinition
C:\Program Files (x86)\Windows Kits\10\Include\10.0.19041.0\um\winnt.h(12994): message : see previous definition of 'PAGE_NOACCESS'
C:\sektor7\bleeding_bear_campaign\stage1\stage1\definitions.h(45,1): warning C4005: 'PAGE_READONLY': macro redefinition
C:\Program Files (x86)\Windows Kits\10\Include\10.0.19041.0\um\winnt.h(12995): message : see previous definition of 'PAGE_READONLY'
C:\sektor7\bleeding_bear_campaign\stage1\stage1\definitions.h(46,1): warning C4005: 'PAGE_READWRITE': macro redefinition
C:\Program Files (x86)\Windows Kits\10\Include\10.0.19041.0\um\winnt.h(12996): message : see previous definition of 'PAGE_READWRITE'
C:\sektor7\bleeding_bear_campaign\stage1\stage1\definitions.h(47,1): warning C4005: 'PAGE_WRITECOPY': macro redefinition
C:\Program Files (x86)\Windows Kits\10\Include\10.0.19041.0\um\winnt.h(12997): message : see previous definition of 'PAGE_WRITECOPY'
C:\sektor7\bleeding_bear_campaign\stage1\stage1\definitions.h(48,1): warning C4005: 'PAGE_GUARD': macro redefinition
C:\Program Files (x86)\Windows Kits\10\Include\10.0.19041.0\um\winnt.h(13002): message : see previous definition of 'PAGE_GUARD'
C:\sektor7\bleeding_bear_campaign\stage1\stage1\definitions.h(49,1): warning C4005: 'PAGE_NOCACHE': macro redefinition
C:\Program Files (x86)\Windows Kits\10\Include\10.0.19041.0\um\winnt.h(13003): message : see previous definition of 'PAGE_NOCACHE'
C:\sektor7\bleeding_bear_campaign\stage1\stage1\definitions.h(50,1): warning C4005: 'PAGE_WRITECOMBINE': macro redefinition
C:\Program Files (x86)\Windows Kits\10\Include\10.0.19041.0\um\winnt.h(13004): message : see previous definition of 'PAGE_WRITECOMBINE'
C:\sektor7\bleeding_bear_campaign\stage1\stage1\WebUtilities.c(35,17): warning C4098: 'randomStrGenerator': 'void' function returning a value
C:\sektor7\bleeding_bear_campaign\stage1\stage1\WebUtilities.c(46,126): warning C4090: 'function': different 'const' qualifiers
C:\sektor7\bleeding_bear_campaign\stage1\stage1\WebUtilities.c(81,131): warning C4090: 'function': different 'const' qualifiers
C:\sektor7\bleeding_bear_campaign\stage1\stage1\WebUtilities.c(82,110): warning C4090: 'function': different 'const' qualifiers
C:\sektor7\bleeding_bear_campaign\stage1\stage1\WebUtilities.c(83,119): warning C4090: 'function': different 'const' qualifiers
C:\sektor7\bleeding_bear_campaign\stage1\stage1\WebUtilities.c(84,119): warning C4090: 'function': different 'const' qualifiers
C:\sektor7\bleeding_bear_campaign\stage1\stage1\WebUtilities.c(85,128): warning C4090: 'function': different 'const' qualifiers
C:\sektor7\bleeding_bear_campaign\stage1\stage1\WebUtilities.c(86,119): warning C4090: 'function': different 'const' qualifiers
C:\sektor7\bleeding_bear_campaign\stage1\stage1\WebUtilities.c(87,119): warning C4090: 'function': different 'const' qualifiers
C:\sektor7\bleeding_bear_campaign\stage1\stage1\WebUtilities.c(87,120): warning C4113: 't_HttpOpenRequestA' differs in parameter lists from 't_HttpSendRequestA'
C:\sektor7\bleeding_bear_campaign\stage1\stage1\WebUtilities.c(87,120): warning C4047: '=': 't_HttpSendRequestA' differs in levels of indirection from 't_HttpOpenRequestA'
C:\sektor7\bleeding_bear_campaign\stage1\stage1\WebUtilities.c(88,113): warning C4090: 'function': different 'const' qualifiers
C:\sektor7\bleeding_bear_campaign\stage1\stage1\WebUtilities.c(89,108): warning C4090: 'function': different 'const' qualifiers
C:\sektor7\bleeding_bear_campaign\stage1\stage1\WebUtilities.c(90,102): warning C4090: 'function': different 'const' qualifiers
C:\sektor7\bleeding_bear_campaign\stage1\stage1\WebUtilities.c(117,52): warning C4047: 'function': 'DWORD' differs in levels of indirection from 'void *'
C:\sektor7\bleeding_bear_campaign\stage1\stage1\WebUtilities.c(117,48): warning C4024: 'pHttpSendRequestA': different types for formal and actual parameter 3
C:\sektor7\bleeding_bear_campaign\stage1\stage1\WebUtilities.c(117,64): warning C4047: 'function': 'DWORD' differs in levels of indirection from 'void *'
C:\sektor7\bleeding_bear_campaign\stage1\stage1\WebUtilities.c(117,60): warning C4024: 'pHttpSendRequestA': different types for formal and actual parameter 5
C:\sektor7\bleeding_bear_campaign\stage1\stage1\WebUtilities.c(168,1): warning C4047: 'initializing': 'ULONG_PTR' differs in levels of indirection from 'unsigned char *'
  main.c
C:\sektor7\bleeding_bear_campaign\stage1\stage1\definitions.h(40,1): warning C4005: 'PAGE_EXECUTE': macro redefinition
C:\Program Files (x86)\Windows Kits\10\Include\10.0.19041.0\um\winnt.h(12998): message : see previous definition of 'PAGE_EXECUTE'
C:\sektor7\bleeding_bear_campaign\stage1\stage1\definitions.h(41,1): warning C4005: 'PAGE_EXECUTE_READ': macro redefinition
C:\Program Files (x86)\Windows Kits\10\Include\10.0.19041.0\um\winnt.h(12999): message : see previous definition of 'PAGE_EXECUTE_READ'
C:\sektor7\bleeding_bear_campaign\stage1\stage1\definitions.h(42,1): warning C4005: 'PAGE_EXECUTE_READWRITE': macro redefinition
C:\Program Files (x86)\Windows Kits\10\Include\10.0.19041.0\um\winnt.h(13000): message : see previous definition of 'PAGE_EXECUTE_READWRITE'
C:\sektor7\bleeding_bear_campaign\stage1\stage1\definitions.h(43,1): warning C4005: 'PAGE_EXECUTE_WRITECOPY': macro redefinition
C:\Program Files (x86)\Windows Kits\10\Include\10.0.19041.0\um\winnt.h(13001): message : see previous definition of 'PAGE_EXECUTE_WRITECOPY'
C:\sektor7\bleeding_bear_campaign\stage1\stage1\definitions.h(44,1): warning C4005: 'PAGE_NOACCESS': macro redefinition
C:\Program Files (x86)\Windows Kits\10\Include\10.0.19041.0\um\winnt.h(12994): message : see previous definition of 'PAGE_NOACCESS'
C:\sektor7\bleeding_bear_campaign\stage1\stage1\definitions.h(45,1): warning C4005: 'PAGE_READONLY': macro redefinition
C:\Program Files (x86)\Windows Kits\10\Include\10.0.19041.0\um\winnt.h(12995): message : see previous definition of 'PAGE_READONLY'
C:\sektor7\bleeding_bear_campaign\stage1\stage1\definitions.h(46,1): warning C4005: 'PAGE_READWRITE': macro redefinition
C:\Program Files (x86)\Windows Kits\10\Include\10.0.19041.0\um\winnt.h(12996): message : see previous definition of 'PAGE_READWRITE'
C:\sektor7\bleeding_bear_campaign\stage1\stage1\definitions.h(47,1): warning C4005: 'PAGE_WRITECOPY': macro redefinition
C:\Program Files (x86)\Windows Kits\10\Include\10.0.19041.0\um\winnt.h(12997): message : see previous definition of 'PAGE_WRITECOPY'
C:\sektor7\bleeding_bear_campaign\stage1\stage1\definitions.h(48,1): warning C4005: 'PAGE_GUARD': macro redefinition
C:\Program Files (x86)\Windows Kits\10\Include\10.0.19041.0\um\winnt.h(13002): message : see previous definition of 'PAGE_GUARD'
C:\sektor7\bleeding_bear_campaign\stage1\stage1\definitions.h(49,1): warning C4005: 'PAGE_NOCACHE': macro redefinition
C:\Program Files (x86)\Windows Kits\10\Include\10.0.19041.0\um\winnt.h(13003): message : see previous definition of 'PAGE_NOCACHE'
C:\sektor7\bleeding_bear_campaign\stage1\stage1\definitions.h(50,1): warning C4005: 'PAGE_WRITECOMBINE': macro redefinition
C:\Program Files (x86)\Windows Kits\10\Include\10.0.19041.0\um\winnt.h(13004): message : see previous definition of 'PAGE_WRITECOMBINE'
C:\sektor7\bleeding_bear_campaign\stage1\stage1\main.c(79,127): warning C4090: 'function': different 'const' qualifiers
C:\sektor7\bleeding_bear_campaign\stage1\stage1\main.c(80,98): warning C4090: 'function': different 'const' qualifiers
C:\sektor7\bleeding_bear_campaign\stage1\stage1\main.c(131,7): warning C4101: 'userName': unreferenced local variable
C:\sektor7\bleeding_bear_campaign\stage1\stage1\main.c(132,8): warning C4101: 'outSize': unreferenced local variable
  Generating code
  4 of 23 functions (17.4%) were compiled, the rest were copied from previous compilation.
    0 functions were new in current compilation
    0 functions had inline decision re-evaluated but remain unchanged
  Finished generating code
  stage1.vcxproj -> C:\sektor7\bleeding_bear_campaign\stage1\x64\Release\stage2.exe
